<?xml version="1.0" encoding="UTF-8"?>
<testsuite xmlns:xsi="http://www.w3.org/2001/XMLSchema-instance" xsi:noNamespaceSchemaLocation="https://maven.apache.org/surefire/maven-surefire-plugin/xsd/surefire-test-report-3.0.xsd" version="3.0" name="TestSuite" time="18.041" tests="5" errors="0" skipped="0" failures="0">
  <properties>
[...]
</properties>
  <testcase name="runScenario[&quot;User opens Application&quot;, &quot;Optional[Title of your feature]&quot;](1)" classname="com.Runner.TestRunner" time="4.529">
    <system-out><![CDATA[[TestNGContentHandler] [WARN] It is strongly recommended to add "<!DOCTYPE suite SYSTEM "https://testng.org/testng-1.0.dtd" >" at the top of the suite file [C:\Users\gsarika\git\flyaway\tomcat_project\testng.xml] otherwise TestNG may fail or not work as expected.
user has opened Application
]]></system-out>
    <system-err><![CDATA[SLF4J: Failed to load class "org.slf4j.impl.StaticLoggerBinder".
SLF4J: Defaulting to no-operation (NOP) logger implementation
SLF4J: See http://www.slf4j.org/codes.html#StaticLoggerBinder for further details.
Starting ChromeDriver 96.0.4664.45 (76e4c1bb2ab4671b8beba3444e61c0f17584b2fc-refs/branch-heads/4664@{#947}) on port 62064
Only local connections are allowed.
Please see https://chromedriver.chromium.org/security-considerations for suggestions on keeping ChromeDriver safe.
ChromeDriver was started successfully.
Dec 21, 2021 11:56:31 AM org.openqa.selenium.remote.ProtocolHandshake createSession
INFO: Detected dialect: W3C
Dec 21, 2021 11:56:31 AM org.openqa.selenium.devtools.CdpVersionFinder findNearestMatch
INFO: Found exact CDP implementation for version 96
]]></system-err>
  </testcase>
  <testcase name="runScenario[&quot;User can register&quot;, &quot;Optional[Title of your feature]&quot;](2)" classname="com.Runner.TestRunner" time="2.506">
    <system-out><![CDATA[user has opened login page
user opts to register
user enters details required
]]></system-out>
  </testcase>
  <testcase name="runScenario[&quot;User opens login page&quot;, &quot;Optional[Title of your feature]&quot;](3)" classname="com.Runner.TestRunner" time="3.367">
    <system-out><![CDATA[user clicks on login
user provide name and password
user logs in
]]></system-out>
  </testcase>
  <testcase name="runScenario[&quot;User books the tickets&quot;, &quot;Optional[Title of your feature]&quot;](4)" classname="com.Runner.TestRunner" time="5.525">
    <system-out><![CDATA[user opens a home page
user submit the details
user books the flight
user makes the paymet
]]></system-out>
  </testcase>
  <testcase name="runScenario[&quot;User can view bookings&quot;, &quot;Optional[Title of your feature]&quot;](5)" classname="com.Runner.TestRunner" time="1.483">
    <system-out><![CDATA[user views the bookings
user logout from application
]]></system-out>
  </testcase>
</testsuite>