<?xml version="1.0" encoding="UTF-8"?>
<testng-results ignored="0" total="8" passed="8" failed="0" skipped="0">
  <reporter-output>
  </reporter-output>
  <suite started-at="2021-12-22T10:53:06 IST" name="Default suite" finished-at="2021-12-22T10:53:08 IST" duration-ms="1792">
    <groups>
    </groups>
    <test started-at="2021-12-22T10:53:06 IST" name="Default test" finished-at="2021-12-22T10:53:08 IST" duration-ms="1792">
      <class name="REST_API.flyaway_REST">
        <test-method signature="Book_flight()[pri:0, instance:REST_API.flyaway_REST@8dbdac1]" started-at="2021-12-22T10:53:06 IST" name="Book_flight" finished-at="2021-12-22T10:53:08 IST" duration-ms="1422" status="PASS">
          <reporter-output>
          </reporter-output>
        </test-method> <!-- Book_flight -->
        <test-method signature="Booking_confirmation()[pri:0, instance:REST_API.flyaway_REST@8dbdac1]" started-at="2021-12-22T10:53:08 IST" name="Booking_confirmation" finished-at="2021-12-22T10:53:08 IST" duration-ms="40" status="PASS">
          <reporter-output>
          </reporter-output>
        </test-method> <!-- Booking_confirmation -->
        <test-method signature="Home_Page()[pri:0, instance:REST_API.flyaway_REST@8dbdac1]" started-at="2021-12-22T10:53:08 IST" name="Home_Page" finished-at="2021-12-22T10:53:08 IST" duration-ms="43" status="PASS">
          <reporter-output>
          </reporter-output>
        </test-method> <!-- Home_Page -->
        <test-method signature="User_Login()[pri:0, instance:REST_API.flyaway_REST@8dbdac1]" started-at="2021-12-22T10:53:08 IST" name="User_Login" finished-at="2021-12-22T10:53:08 IST" duration-ms="85" status="PASS">
          <reporter-output>
          </reporter-output>
        </test-method> <!-- User_Login -->
        <test-method signature="User_Logout()[pri:0, instance:REST_API.flyaway_REST@8dbdac1]" started-at="2021-12-22T10:53:08 IST" name="User_Logout" finished-at="2021-12-22T10:53:08 IST" duration-ms="51" status="PASS">
          <reporter-output>
          </reporter-output>
        </test-method> <!-- User_Logout -->
        <test-method signature="User_Registration()[pri:0, instance:REST_API.flyaway_REST@8dbdac1]" started-at="2021-12-22T10:53:08 IST" name="User_Registration" finished-at="2021-12-22T10:53:08 IST" duration-ms="24" status="PASS">
          <reporter-output>
          </reporter-output>
        </test-method> <!-- User_Registration -->
        <test-method signature="View_Bookings()[pri:0, instance:REST_API.flyaway_REST@8dbdac1]" started-at="2021-12-22T10:53:08 IST" name="View_Bookings" finished-at="2021-12-22T10:53:08 IST" duration-ms="18" status="PASS">
          <reporter-output>
          </reporter-output>
        </test-method> <!-- View_Bookings -->
        <test-method signature="places()[pri:0, instance:REST_API.flyaway_REST@8dbdac1]" started-at="2021-12-22T10:53:08 IST" name="places" finished-at="2021-12-22T10:53:08 IST" duration-ms="49" status="PASS">
          <reporter-output>
          </reporter-output>
        </test-method> <!-- places -->
      </class> <!-- REST_API.flyaway_REST -->
    </test> <!-- Default test -->
  </suite> <!-- Default suite -->
</testng-results>
