<?xml version="1.0" encoding="UTF-8"?>
<!-- Generated by org.testng.reporters.JUnitReportReporter -->
<testsuite hostname="CSCO-W-PF2RP90M" failures="0" tests="8" name="REST_API.flyaway_testng" time="1.623" errors="0" timestamp="2021-12-19T17:47:48 IST" skipped="0">
  <testcase classname="REST_API.flyaway_testng" name="places" time="0.025"/>
  <system-out/>
  <testcase classname="REST_API.flyaway_testng" name="Booking_confirmation" time="0.043"/>
  <system-out/>
  <testcase classname="REST_API.flyaway_testng" name="Book_flight" time="1.413"/>
  <system-out/>
  <testcase classname="REST_API.flyaway_testng" name="User_Login" time="0.051"/>
  <system-out/>
  <testcase classname="REST_API.flyaway_testng" name="User_Logout" time="0.030"/>
  <system-out/>
  <testcase classname="REST_API.flyaway_testng" name="View_Bookings" time="0.012"/>
  <system-out/>
  <testcase classname="REST_API.flyaway_testng" name="User_Registration" time="0.016"/>
  <system-out/>
  <testcase classname="REST_API.flyaway_testng" name="Home_Page" time="0.033"/>
  <system-out/>
</testsuite> <!-- REST_API.flyaway_testng -->
