<?xml version="1.0" encoding="UTF-8"?>
<!-- Generated by org.testng.reporters.JUnitReportReporter -->
<testsuite hostname="CSCO-W-PF2RP90M" failures="0" tests="8" name="REST_API.flyaway_REST" time="1.732" errors="0" timestamp="2021-12-22T10:53:08 IST" skipped="0">
  <testcase classname="REST_API.flyaway_REST" name="Home_Page" time="0.043"/>
  <system-out/>
  <testcase classname="REST_API.flyaway_REST" name="User_Login" time="0.085"/>
  <system-out/>
  <testcase classname="REST_API.flyaway_REST" name="Book_flight" time="1.422"/>
  <system-out/>
  <testcase classname="REST_API.flyaway_REST" name="Booking_confirmation" time="0.040"/>
  <system-out/>
  <testcase classname="REST_API.flyaway_REST" name="View_Bookings" time="0.018"/>
  <system-out/>
  <testcase classname="REST_API.flyaway_REST" name="places" time="0.049"/>
  <system-out/>
  <testcase classname="REST_API.flyaway_REST" name="User_Logout" time="0.051"/>
  <system-out/>
  <testcase classname="REST_API.flyaway_REST" name="User_Registration" time="0.024"/>
  <system-out/>
</testsuite> <!-- REST_API.flyaway_REST -->
