<?xml version="1.0" encoding="UTF-8"?>
<!-- Generated by org.testng.reporters.JUnitReportReporter -->
<testsuite hostname="CSCO-W-PF2RP90M" failures="0" tests="5" name="com.Runner.TestRunner" time="18.388" errors="0" timestamp="2021-12-22T10:52:46 IST" skipped="0">
  <testcase classname="com.Runner.TestRunner" name="runScenario" time="1.367"/>
  <system-out/>
  <testcase classname="com.Runner.TestRunner" name="runScenario" time="5.826"/>
  <system-out/>
  <testcase classname="com.Runner.TestRunner" name="runScenario" time="4.935"/>
  <system-out/>
  <testcase classname="com.Runner.TestRunner" name="runScenario" time="2.799"/>
  <system-out/>
  <testcase classname="com.Runner.TestRunner" name="runScenario" time="3.461"/>
  <system-out/>
</testsuite> <!-- com.Runner.TestRunner -->
