<?xml version="1.0" encoding="UTF-8"?>
<!-- Generated by org.testng.reporters.JUnitReportReporter -->
<testsuite hostname="CSCO-W-PF2RP90M" failures="0" tests="5" name="com.Runner.TestRunner" time="17.410" errors="0" timestamp="2021-12-21T11:56:47 IST" skipped="0">
  <testcase classname="com.Runner.TestRunner" name="runScenario" time="2.530"/>
  <system-out/>
  <testcase classname="com.Runner.TestRunner" name="runScenario" time="1.483"/>
  <system-out/>
  <testcase classname="com.Runner.TestRunner" name="runScenario" time="4.507"/>
  <system-out/>
  <testcase classname="com.Runner.TestRunner" name="runScenario" time="3.366"/>
  <system-out/>
  <testcase classname="com.Runner.TestRunner" name="runScenario" time="5.524"/>
  <system-out/>
</testsuite> <!-- com.Runner.TestRunner -->
